<?xml version="1.0" encoding="UTF-8"?>
<!-- Generated by org.testng.reporters.JUnitXMLReporter -->
<testsuite hostname="NTPC01507" name="Default test" tests="3" failures="0" timestamp="30 Oct 2018 04:01:17 GMT" time="27.909" errors="0">
  <testcase name="Chapter1Click" time="0.414" classname="testcases.Chapter1"/>
  <testcase name="Chapter1dropdownandradio" time="20.682" classname="testcases.Chapter1"/>
  <testcase name="Chapter1Popup" time="1.216" classname="testcases.Chapter1"/>
</testsuite> <!-- Default test -->
