<?xml version="1.0" encoding="UTF-8"?>
<!-- Generated by org.testng.reporters.JUnitXMLReporter -->
<testsuite hostname="NTPC01507" name="Chapter1" tests="3" failures="0" timestamp="30 Oct 2018 03:40:33 GMT" time="8.264" errors="0">
  <testcase name="Chapter1Click" time="0.428" classname="testcases.Chapter1"/>
  <testcase name="Chapter1dropdownandradio" time="0.538" classname="testcases.Chapter1"/>
  <testcase name="Chapter1Popup" time="1.196" classname="testcases.Chapter1"/>
</testsuite> <!-- Chapter1 -->
