<?xml version="1.0" encoding="UTF-8"?>
<!-- Generated by org.testng.reporters.JUnitXMLReporter -->
<testsuite hostname="NTPC01507" name="testngTest" tests="6" failures="0" timestamp="29 Oct 2018 11:08:43 GMT" time="23.549" errors="0">
  <testcase name="Chapter1Click" time="0.411" classname="testcases.Chapter1"/>
  <testcase name="Chapter1dropdownandradio" time="0.475" classname="testcases.Chapter1"/>
  <testcase name="Chapter1Popup" time="1.164" classname="testcases.Chapter1"/>
  <testcase name="Chapter4Click" time="0.414" classname="testcases.Chapter2"/>
  <testcase name="mousehover" time="5.069" classname="testcases.Chapter2"/>
  <testcase name="Textpopup" time="5.163" classname="testcases.Chapter2"/>
</testsuite> <!-- testngTest -->
