<?xml version="1.0" encoding="UTF-8"?>
<!-- Generated by org.testng.reporters.JUnitXMLReporter -->
<testsuite hostname="NTPC01507" name="testngTest" tests="6" failures="0" timestamp="29 Oct 2018 11:06:41 GMT" time="23.793" errors="0">
  <testcase name="Chapter1Click" time="0.426" classname="testcases.Chapter1"/>
  <testcase name="Chapter1dropdownandradio" time="0.5" classname="testcases.Chapter1"/>
  <testcase name="Chapter1Popup" time="1.189" classname="testcases.Chapter1"/>
  <testcase name="Chapter4Click" time="0.439" classname="testcases.Chapter2"/>
  <testcase name="mousehover" time="5.052" classname="testcases.Chapter2"/>
  <testcase name="Textpopup" time="5.181" classname="testcases.Chapter2"/>
</testsuite> <!-- testngTest -->
